ARM GAS  C:\Users\PIERRE~1\AppData\Local\Temp\ccEhUwvT.s 			page 1


   1              		.cpu cortex-m0
   2              		.eabi_attribute 20, 1
   3              		.eabi_attribute 21, 1
   4              		.eabi_attribute 23, 3
   5              		.eabi_attribute 24, 1
   6              		.eabi_attribute 25, 1
   7              		.eabi_attribute 26, 1
   8              		.eabi_attribute 30, 1
   9              		.eabi_attribute 34, 0
  10              		.eabi_attribute 18, 4
  11              		.file	"gpio.c"
  12              		.text
  13              	.Ltext0:
  14              		.cfi_sections	.debug_frame
  15              		.section	.text.MX_GPIO_Init,"ax",%progbits
  16              		.align	1
  17              		.global	MX_GPIO_Init
  18              		.arch armv6s-m
  19              		.syntax unified
  20              		.code	16
  21              		.thumb_func
  22              		.fpu softvfp
  24              	MX_GPIO_Init:
  25              	.LFB40:
  26              		.file 1 "Core/Src/gpio.c"
   1:Core/Src/gpio.c **** /**
   2:Core/Src/gpio.c ****   ******************************************************************************
   3:Core/Src/gpio.c ****   * @file    gpio.c
   4:Core/Src/gpio.c ****   * @brief   This file provides code for the configuration
   5:Core/Src/gpio.c ****   *          of all used GPIO pins.
   6:Core/Src/gpio.c ****   ******************************************************************************
   7:Core/Src/gpio.c ****   * @attention
   8:Core/Src/gpio.c ****   *
   9:Core/Src/gpio.c ****   * <h2><center>&copy; Copyright (c) 2021 STMicroelectronics.
  10:Core/Src/gpio.c ****   * All rights reserved.</center></h2>
  11:Core/Src/gpio.c ****   *
  12:Core/Src/gpio.c ****   * This software component is licensed by ST under BSD 3-Clause license,
  13:Core/Src/gpio.c ****   * the "License"; You may not use this file except in compliance with the
  14:Core/Src/gpio.c ****   * License. You may obtain a copy of the License at:
  15:Core/Src/gpio.c ****   *                        opensource.org/licenses/BSD-3-Clause
  16:Core/Src/gpio.c ****   *
  17:Core/Src/gpio.c ****   ******************************************************************************
  18:Core/Src/gpio.c ****   */
  19:Core/Src/gpio.c **** 
  20:Core/Src/gpio.c **** /* Includes ------------------------------------------------------------------*/
  21:Core/Src/gpio.c **** #include "gpio.h"
  22:Core/Src/gpio.c **** 
  23:Core/Src/gpio.c **** /* USER CODE BEGIN 0 */
  24:Core/Src/gpio.c **** 
  25:Core/Src/gpio.c **** /* USER CODE END 0 */
  26:Core/Src/gpio.c **** 
  27:Core/Src/gpio.c **** /*----------------------------------------------------------------------------*/
  28:Core/Src/gpio.c **** /* Configure GPIO                                                             */
  29:Core/Src/gpio.c **** /*----------------------------------------------------------------------------*/
  30:Core/Src/gpio.c **** /* USER CODE BEGIN 1 */
  31:Core/Src/gpio.c **** 
  32:Core/Src/gpio.c **** /* USER CODE END 1 */
ARM GAS  C:\Users\PIERRE~1\AppData\Local\Temp\ccEhUwvT.s 			page 2


  33:Core/Src/gpio.c **** 
  34:Core/Src/gpio.c **** /** Configure pins as
  35:Core/Src/gpio.c ****         * Analog
  36:Core/Src/gpio.c ****         * Input
  37:Core/Src/gpio.c ****         * Output
  38:Core/Src/gpio.c ****         * EVENT_OUT
  39:Core/Src/gpio.c ****         * EXTI
  40:Core/Src/gpio.c **** */
  41:Core/Src/gpio.c **** void MX_GPIO_Init(void)
  42:Core/Src/gpio.c **** {
  27              		.loc 1 42 1 view -0
  28              		.cfi_startproc
  29              		@ args = 0, pretend = 0, frame = 32
  30              		@ frame_needed = 0, uses_anonymous_args = 0
  31 0000 70B5     		push	{r4, r5, r6, lr}
  32              	.LCFI0:
  33              		.cfi_def_cfa_offset 16
  34              		.cfi_offset 4, -16
  35              		.cfi_offset 5, -12
  36              		.cfi_offset 6, -8
  37              		.cfi_offset 14, -4
  38 0002 88B0     		sub	sp, sp, #32
  39              	.LCFI1:
  40              		.cfi_def_cfa_offset 48
  43:Core/Src/gpio.c **** 
  44:Core/Src/gpio.c ****   GPIO_InitTypeDef GPIO_InitStruct = {0};
  41              		.loc 1 44 3 view .LVU1
  42              		.loc 1 44 20 is_stmt 0 view .LVU2
  43 0004 1422     		movs	r2, #20
  44 0006 0021     		movs	r1, #0
  45 0008 03A8     		add	r0, sp, #12
  46 000a FFF7FEFF 		bl	memset
  47              	.LVL0:
  45:Core/Src/gpio.c **** 
  46:Core/Src/gpio.c ****   /* GPIO Ports Clock Enable */
  47:Core/Src/gpio.c ****   __HAL_RCC_GPIOF_CLK_ENABLE();
  48              		.loc 1 47 3 is_stmt 1 view .LVU3
  49              	.LBB2:
  50              		.loc 1 47 3 view .LVU4
  51              		.loc 1 47 3 view .LVU5
  52 000e 1B4B     		ldr	r3, .L2
  53 0010 5969     		ldr	r1, [r3, #20]
  54 0012 8020     		movs	r0, #128
  55 0014 C003     		lsls	r0, r0, #15
  56 0016 0143     		orrs	r1, r0
  57 0018 5961     		str	r1, [r3, #20]
  58              		.loc 1 47 3 view .LVU6
  59 001a 5A69     		ldr	r2, [r3, #20]
  60 001c 0240     		ands	r2, r0
  61 001e 0092     		str	r2, [sp]
  62              		.loc 1 47 3 view .LVU7
  63 0020 009A     		ldr	r2, [sp]
  64              	.LBE2:
  65              		.loc 1 47 3 view .LVU8
  48:Core/Src/gpio.c ****   __HAL_RCC_GPIOA_CLK_ENABLE();
  66              		.loc 1 48 3 view .LVU9
  67              	.LBB3:
ARM GAS  C:\Users\PIERRE~1\AppData\Local\Temp\ccEhUwvT.s 			page 3


  68              		.loc 1 48 3 view .LVU10
  69              		.loc 1 48 3 view .LVU11
  70 0022 5969     		ldr	r1, [r3, #20]
  71 0024 8020     		movs	r0, #128
  72 0026 8002     		lsls	r0, r0, #10
  73 0028 0143     		orrs	r1, r0
  74 002a 5961     		str	r1, [r3, #20]
  75              		.loc 1 48 3 view .LVU12
  76 002c 5A69     		ldr	r2, [r3, #20]
  77 002e 0240     		ands	r2, r0
  78 0030 0192     		str	r2, [sp, #4]
  79              		.loc 1 48 3 view .LVU13
  80 0032 019A     		ldr	r2, [sp, #4]
  81              	.LBE3:
  82              		.loc 1 48 3 view .LVU14
  49:Core/Src/gpio.c ****   __HAL_RCC_GPIOB_CLK_ENABLE();
  83              		.loc 1 49 3 view .LVU15
  84              	.LBB4:
  85              		.loc 1 49 3 view .LVU16
  86              		.loc 1 49 3 view .LVU17
  87 0034 5A69     		ldr	r2, [r3, #20]
  88 0036 8021     		movs	r1, #128
  89 0038 C902     		lsls	r1, r1, #11
  90 003a 0A43     		orrs	r2, r1
  91 003c 5A61     		str	r2, [r3, #20]
  92              		.loc 1 49 3 view .LVU18
  93 003e 5B69     		ldr	r3, [r3, #20]
  94 0040 0B40     		ands	r3, r1
  95 0042 0293     		str	r3, [sp, #8]
  96              		.loc 1 49 3 view .LVU19
  97 0044 029B     		ldr	r3, [sp, #8]
  98              	.LBE4:
  99              		.loc 1 49 3 view .LVU20
  50:Core/Src/gpio.c **** 
  51:Core/Src/gpio.c ****   /*Configure GPIO pin Output Level */
  52:Core/Src/gpio.c ****   HAL_GPIO_WritePin(LED_GPIO_Port, LED_Pin, GPIO_PIN_RESET);
 100              		.loc 1 52 3 view .LVU21
 101 0046 0E4D     		ldr	r5, .L2+4
 102 0048 0022     		movs	r2, #0
 103 004a 0821     		movs	r1, #8
 104 004c 2800     		movs	r0, r5
 105 004e FFF7FEFF 		bl	HAL_GPIO_WritePin
 106              	.LVL1:
  53:Core/Src/gpio.c **** 
  54:Core/Src/gpio.c ****   /*Configure GPIO pin : PtPin */
  55:Core/Src/gpio.c ****   GPIO_InitStruct.Pin = BOUTON_Pin;
 107              		.loc 1 55 3 view .LVU22
 108              		.loc 1 55 23 is_stmt 0 view .LVU23
 109 0052 0826     		movs	r6, #8
 110 0054 0396     		str	r6, [sp, #12]
  56:Core/Src/gpio.c ****   GPIO_InitStruct.Mode = GPIO_MODE_INPUT;
 111              		.loc 1 56 3 is_stmt 1 view .LVU24
 112              		.loc 1 56 24 is_stmt 0 view .LVU25
 113 0056 0024     		movs	r4, #0
 114 0058 0494     		str	r4, [sp, #16]
  57:Core/Src/gpio.c ****   GPIO_InitStruct.Pull = GPIO_NOPULL;
 115              		.loc 1 57 3 is_stmt 1 view .LVU26
ARM GAS  C:\Users\PIERRE~1\AppData\Local\Temp\ccEhUwvT.s 			page 4


 116              		.loc 1 57 24 is_stmt 0 view .LVU27
 117 005a 0594     		str	r4, [sp, #20]
  58:Core/Src/gpio.c ****   HAL_GPIO_Init(BOUTON_GPIO_Port, &GPIO_InitStruct);
 118              		.loc 1 58 3 is_stmt 1 view .LVU28
 119 005c 9020     		movs	r0, #144
 120 005e 03A9     		add	r1, sp, #12
 121 0060 C005     		lsls	r0, r0, #23
 122 0062 FFF7FEFF 		bl	HAL_GPIO_Init
 123              	.LVL2:
  59:Core/Src/gpio.c **** 
  60:Core/Src/gpio.c ****   /*Configure GPIO pin : PtPin */
  61:Core/Src/gpio.c ****   GPIO_InitStruct.Pin = LED_Pin;
 124              		.loc 1 61 3 view .LVU29
 125              		.loc 1 61 23 is_stmt 0 view .LVU30
 126 0066 0396     		str	r6, [sp, #12]
  62:Core/Src/gpio.c ****   GPIO_InitStruct.Mode = GPIO_MODE_OUTPUT_PP;
 127              		.loc 1 62 3 is_stmt 1 view .LVU31
 128              		.loc 1 62 24 is_stmt 0 view .LVU32
 129 0068 0123     		movs	r3, #1
 130 006a 0493     		str	r3, [sp, #16]
  63:Core/Src/gpio.c ****   GPIO_InitStruct.Pull = GPIO_NOPULL;
 131              		.loc 1 63 3 is_stmt 1 view .LVU33
 132              		.loc 1 63 24 is_stmt 0 view .LVU34
 133 006c 0594     		str	r4, [sp, #20]
  64:Core/Src/gpio.c ****   GPIO_InitStruct.Speed = GPIO_SPEED_FREQ_LOW;
 134              		.loc 1 64 3 is_stmt 1 view .LVU35
 135              		.loc 1 64 25 is_stmt 0 view .LVU36
 136 006e 0694     		str	r4, [sp, #24]
  65:Core/Src/gpio.c ****   HAL_GPIO_Init(LED_GPIO_Port, &GPIO_InitStruct);
 137              		.loc 1 65 3 is_stmt 1 view .LVU37
 138 0070 03A9     		add	r1, sp, #12
 139 0072 2800     		movs	r0, r5
 140 0074 FFF7FEFF 		bl	HAL_GPIO_Init
 141              	.LVL3:
  66:Core/Src/gpio.c **** 
  67:Core/Src/gpio.c **** }
 142              		.loc 1 67 1 is_stmt 0 view .LVU38
 143 0078 08B0     		add	sp, sp, #32
 144              		@ sp needed
 145 007a 70BD     		pop	{r4, r5, r6, pc}
 146              	.L3:
 147              		.align	2
 148              	.L2:
 149 007c 00100240 		.word	1073876992
 150 0080 00040048 		.word	1207960576
 151              		.cfi_endproc
 152              	.LFE40:
 154              		.text
 155              	.Letext0:
 156              		.file 2 "c:\\users\\pierre-anthony\\.vscode\\extensions\\buzzyelectronics.stm-helper-1.2.9\\armgcc
 157              		.file 3 "c:\\users\\pierre-anthony\\.vscode\\extensions\\buzzyelectronics.stm-helper-1.2.9\\armgcc
 158              		.file 4 "Drivers/CMSIS/Device/ST/STM32F0xx/Include/system_stm32f0xx.h"
 159              		.file 5 "Drivers/CMSIS/Device/ST/STM32F0xx/Include/stm32f042x6.h"
 160              		.file 6 "Drivers/STM32F0xx_HAL_Driver/Inc/stm32f0xx_hal_gpio.h"
 161              		.file 7 "Drivers/STM32F0xx_HAL_Driver/Inc/stm32f0xx_hal.h"
 162              		.file 8 "<built-in>"
ARM GAS  C:\Users\PIERRE~1\AppData\Local\Temp\ccEhUwvT.s 			page 5


DEFINED SYMBOLS
                            *ABS*:0000000000000000 gpio.c
C:\Users\PIERRE~1\AppData\Local\Temp\ccEhUwvT.s:16     .text.MX_GPIO_Init:0000000000000000 $t
C:\Users\PIERRE~1\AppData\Local\Temp\ccEhUwvT.s:24     .text.MX_GPIO_Init:0000000000000000 MX_GPIO_Init
C:\Users\PIERRE~1\AppData\Local\Temp\ccEhUwvT.s:149    .text.MX_GPIO_Init:000000000000007c $d

UNDEFINED SYMBOLS
memset
HAL_GPIO_WritePin
HAL_GPIO_Init
